{"/Users/jared/Projects/other/react-browser-storage/src/with-storage.hoc.tsx": {"path":"/Users/jared/Projects/other/react-browser-storage/src/with-storage.hoc.tsx","statementMap":{"0":{"start":{"line":14,"column":27},"end":{"line":61,"column":10}},"1":{"start":{"line":15,"column":4},"end":{"line":61,"column":10}},"2":{"start":{"line":16,"column":9},"end":{"line":61,"column":9}},"3":{"start":{"line":21,"column":16},"end":{"line":21,"column":29}},"4":{"start":{"line":22,"column":16},"end":{"line":22,"column":49}},"5":{"start":{"line":25,"column":33},"end":{"line":28,"column":32}},"6":{"start":{"line":26,"column":16},"end":{"line":26,"column":57}},"7":{"start":{"line":27,"column":16},"end":{"line":27,"column":27}},"8":{"start":{"line":30,"column":70},"end":{"line":34,"column":13}},"9":{"start":{"line":32,"column":39},"end":{"line":32,"column":64}},"10":{"start":{"line":33,"column":22},"end":{"line":33,"column":42}},"11":{"start":{"line":36,"column":41},"end":{"line":36,"column":76}},"12":{"start":{"line":39,"column":36},"end":{"line":39,"column":55}},"13":{"start":{"line":40,"column":36},"end":{"line":40,"column":69}},"14":{"start":{"line":41,"column":16},"end":{"line":41,"column":68}},"15":{"start":{"line":45,"column":36},"end":{"line":45,"column":55}},"16":{"start":{"line":46,"column":16},"end":{"line":46,"column":71}},"17":{"start":{"line":47,"column":16},"end":{"line":47,"column":70}},"18":{"start":{"line":51,"column":36},"end":{"line":51,"column":55}},"19":{"start":{"line":52,"column":16},"end":{"line":52,"column":53}},"20":{"start":{"line":53,"column":16},"end":{"line":53,"column":70}},"21":{"start":{"line":57,"column":16},"end":{"line":59,"column":18}}},"fnMap":{"0":{"name":"(anonymous_0)","decl":{"start":{"line":14,"column":27},"end":{"line":14,"column":28}},"loc":{"start":{"line":15,"column":4},"end":{"line":61,"column":10}},"line":15},"1":{"name":"(anonymous_1)","decl":{"start":{"line":15,"column":4},"end":{"line":15,"column":5}},"loc":{"start":{"line":16,"column":9},"end":{"line":61,"column":9}},"line":16},"2":{"name":"(anonymous_2)","decl":{"start":{"line":20,"column":12},"end":{"line":20,"column":13}},"loc":{"start":{"line":20,"column":45},"end":{"line":23,"column":13}},"line":20},"3":{"name":"(anonymous_3)","decl":{"start":{"line":25,"column":27},"end":{"line":25,"column":28}},"loc":{"start":{"line":25,"column":33},"end":{"line":28,"column":32}},"line":25},"4":{"name":"(anonymous_4)","decl":{"start":{"line":25,"column":45},"end":{"line":25,"column":46}},"loc":{"start":{"line":25,"column":74},"end":{"line":28,"column":13}},"line":25},"5":{"name":"(anonymous_5)","decl":{"start":{"line":30,"column":34},"end":{"line":30,"column":35}},"loc":{"start":{"line":30,"column":70},"end":{"line":34,"column":13}},"line":30},"6":{"name":"(anonymous_6)","decl":{"start":{"line":32,"column":16},"end":{"line":32,"column":17}},"loc":{"start":{"line":32,"column":39},"end":{"line":32,"column":64}},"line":32},"7":{"name":"(anonymous_7)","decl":{"start":{"line":33,"column":16},"end":{"line":33,"column":17}},"loc":{"start":{"line":33,"column":22},"end":{"line":33,"column":42}},"line":33},"8":{"name":"(anonymous_8)","decl":{"start":{"line":36,"column":24},"end":{"line":36,"column":25}},"loc":{"start":{"line":36,"column":41},"end":{"line":36,"column":76}},"line":36},"9":{"name":"(anonymous_9)","decl":{"start":{"line":38,"column":22},"end":{"line":38,"column":23}},"loc":{"start":{"line":38,"column":53},"end":{"line":42,"column":13}},"line":38},"10":{"name":"(anonymous_10)","decl":{"start":{"line":44,"column":25},"end":{"line":44,"column":26}},"loc":{"start":{"line":44,"column":61},"end":{"line":48,"column":13}},"line":44},"11":{"name":"(anonymous_11)","decl":{"start":{"line":50,"column":25},"end":{"line":50,"column":26}},"loc":{"start":{"line":50,"column":42},"end":{"line":54,"column":13}},"line":50},"12":{"name":"(anonymous_12)","decl":{"start":{"line":56,"column":12},"end":{"line":56,"column":13}},"loc":{"start":{"line":56,"column":21},"end":{"line":60,"column":13}},"line":56}},"branchMap":{"0":{"loc":{"start":{"line":14,"column":46},"end":{"line":14,"column":60}},"type":"default-arg","locations":[{"start":{"line":14,"column":58},"end":{"line":14,"column":60}}],"line":14},"1":{"loc":{"start":{"line":14,"column":62},"end":{"line":14,"column":102}},"type":"default-arg","locations":[{"start":{"line":14,"column":95},"end":{"line":14,"column":102}}],"line":14},"2":{"loc":{"start":{"line":14,"column":104},"end":{"line":14,"column":115}},"type":"default-arg","locations":[{"start":{"line":14,"column":113},"end":{"line":14,"column":115}}],"line":14},"3":{"loc":{"start":{"line":17,"column":48},"end":{"line":17,"column":91}},"type":"binary-expr","locations":[{"start":{"line":17,"column":48},"end":{"line":17,"column":76}},{"start":{"line":17,"column":80},"end":{"line":17,"column":91}}],"line":17},"4":{"loc":{"start":{"line":18,"column":39},"end":{"line":18,"column":94}},"type":"cond-expr","locations":[{"start":{"line":18,"column":65},"end":{"line":18,"column":77}},{"start":{"line":18,"column":80},"end":{"line":18,"column":94}}],"line":18},"5":{"loc":{"start":{"line":36,"column":41},"end":{"line":36,"column":76}},"type":"cond-expr","locations":[{"start":{"line":36,"column":52},"end":{"line":36,"column":70}},{"start":{"line":36,"column":73},"end":{"line":36,"column":76}}],"line":36},"6":{"loc":{"start":{"line":41,"column":23},"end":{"line":41,"column":67}},"type":"cond-expr","locations":[{"start":{"line":41,"column":37},"end":{"line":41,"column":60}},{"start":{"line":41,"column":63},"end":{"line":41,"column":67}}],"line":41}},"s":{"0":1,"1":11,"2":10,"3":9,"4":9,"5":9,"6":9,"7":9,"8":13,"9":3,"10":1,"11":17,"12":13,"13":13,"14":13,"15":3,"16":3,"17":3,"18":1,"19":1,"20":1,"21":11},"f":{"0":11,"1":10,"2":9,"3":9,"4":9,"5":13,"6":3,"7":1,"8":17,"9":13,"10":3,"11":1,"12":11},"b":{"0":[1],"1":[4],"2":[7],"3":[10,10],"4":[8,1],"5":[10,7],"6":[5,8]},"_coverageSchema":"43e27e138ebf9cfc5966b082cf9a028302ed4184","hash":"d75fce7d6ad48e8ad856056f76c6aac4a3d4b5f4"}
}
